<?xml version="1.0" encoding="UTF-8"?>
<testng-results skipped="0" failed="0" ignored="0" total="1" passed="1">
  <reporter-output>
  </reporter-output>
  <suite name="Suite" duration-ms="3568" started-at="2022-10-12T05:04:39Z" finished-at="2022-10-12T05:04:42Z">
    <groups>
      <group name="cucumber">
        <method signature="AbstractTestNGCucumberTests.runScenario(io.cucumber.testng.PickleWrapper, io.cucumber.testng.FeatureWrapper)[pri:0, instance:testrunners.ParallelRun@23e028a9]" name="runScenario" class="io.cucumber.testng.AbstractTestNGCucumberTests"/>
      </group> <!-- cucumber -->
    </groups>
    <test name="anz home" duration-ms="3568" started-at="2022-10-12T05:04:39Z" finished-at="2022-10-12T05:04:42Z">
      <class name="testrunners.ParallelRun">
        <test-method status="PASS" signature="setUpClass()[pri:0, instance:testrunners.ParallelRun@23e028a9]" name="setUpClass" is-config="true" duration-ms="565" started-at="2022-10-12T05:04:39Z" finished-at="2022-10-12T05:04:39Z">
          <reporter-output>
          </reporter-output>
        </test-method> <!-- setUpClass -->
        <test-method status="PASS" signature="runScenario(io.cucumber.testng.PickleWrapper, io.cucumber.testng.FeatureWrapper)[pri:0, instance:testrunners.ParallelRun@23e028a9]" name="runScenario" duration-ms="170" started-at="2022-10-12T05:04:39Z" description="Runs Cucumber Scenarios" data-provider="scenarios" finished-at="2022-10-12T05:04:40Z">
          <params>
            <param index="0">
              <value>
                <![CDATA["verify borrowing power"]]>
              </value>
            </param>
            <param index="1">
              <value>
                <![CDATA["Optional[Assignment 1]"]]>
              </value>
            </param>
          </params>
          <reporter-output>
          </reporter-output>
        </test-method> <!-- runScenario -->
        <test-method status="PASS" signature="tearDownClass()[pri:0, instance:testrunners.ParallelRun@23e028a9]" name="tearDownClass" is-config="true" duration-ms="2813" started-at="2022-10-12T05:04:40Z" finished-at="2022-10-12T05:04:42Z">
          <reporter-output>
          </reporter-output>
        </test-method> <!-- tearDownClass -->
      </class> <!-- testrunners.ParallelRun -->
    </test> <!-- anz home -->
  </suite> <!-- Suite -->
</testng-results>
